2018/07/26 08:57:49 [warning] [application] Failed to set unsafe attribute "from_date" of "Order".
in /mnt/d/Projects/myshop/protected/modules/admin/controllers/OrderController.php (147)
in /mnt/d/Projects/myshop/data/index.php (19)
2018/07/26 08:57:49 [warning] [application] Failed to set unsafe attribute "to_date" of "Order".
in /mnt/d/Projects/myshop/protected/modules/admin/controllers/OrderController.php (147)
in /mnt/d/Projects/myshop/data/index.php (19)
2018/07/26 08:58:03 [warning] [application] Failed to set unsafe attribute "from_date" of "Order".
in /mnt/d/Projects/myshop/protected/modules/admin/controllers/OrderController.php (147)
in /mnt/d/Projects/myshop/data/index.php (19)
2018/07/26 08:58:03 [warning] [application] Failed to set unsafe attribute "to_date" of "Order".
in /mnt/d/Projects/myshop/protected/modules/admin/controllers/OrderController.php (147)
in /mnt/d/Projects/myshop/data/index.php (19)
2018/07/26 08:58:56 [warning] [application] Failed to set unsafe attribute "from_date" of "Order".
in /mnt/d/Projects/myshop/protected/modules/admin/controllers/OrderController.php (147)
in /mnt/d/Projects/myshop/data/index.php (19)
2018/07/26 08:58:56 [warning] [application] Failed to set unsafe attribute "to_date" of "Order".
in /mnt/d/Projects/myshop/protected/modules/admin/controllers/OrderController.php (147)
in /mnt/d/Projects/myshop/data/index.php (19)
2018/07/26 08:59:28 [warning] [application] Failed to set unsafe attribute "from_date" of "Order".
in /mnt/d/Projects/myshop/protected/modules/admin/controllers/OrderController.php (147)
in /mnt/d/Projects/myshop/data/index.php (19)
2018/07/26 08:59:28 [warning] [application] Failed to set unsafe attribute "to_date" of "Order".
in /mnt/d/Projects/myshop/protected/modules/admin/controllers/OrderController.php (147)
in /mnt/d/Projects/myshop/data/index.php (19)
2018/07/26 08:59:33 [warning] [application] Failed to set unsafe attribute "from_date" of "Order".
in /mnt/d/Projects/myshop/protected/modules/admin/controllers/OrderController.php (147)
in /mnt/d/Projects/myshop/data/index.php (19)
2018/07/26 08:59:33 [warning] [application] Failed to set unsafe attribute "to_date" of "Order".
in /mnt/d/Projects/myshop/protected/modules/admin/controllers/OrderController.php (147)
in /mnt/d/Projects/myshop/data/index.php (19)
2018/07/26 09:00:03 [warning] [application] Failed to set unsafe attribute "from_date" of "Order".
in /mnt/d/Projects/myshop/protected/modules/admin/controllers/OrderController.php (147)
in /mnt/d/Projects/myshop/data/index.php (19)
2018/07/26 09:00:03 [warning] [application] Failed to set unsafe attribute "to_date" of "Order".
in /mnt/d/Projects/myshop/protected/modules/admin/controllers/OrderController.php (147)
in /mnt/d/Projects/myshop/data/index.php (19)
2018/07/26 09:00:05 [warning] [application] Failed to set unsafe attribute "from_date" of "Order".
in /mnt/d/Projects/myshop/protected/modules/admin/controllers/OrderController.php (147)
in /mnt/d/Projects/myshop/data/index.php (19)
2018/07/26 09:00:05 [warning] [application] Failed to set unsafe attribute "to_date" of "Order".
in /mnt/d/Projects/myshop/protected/modules/admin/controllers/OrderController.php (147)
in /mnt/d/Projects/myshop/data/index.php (19)
2018/07/26 09:00:06 [warning] [application] Failed to set unsafe attribute "from_date" of "Order".
in /mnt/d/Projects/myshop/protected/modules/admin/controllers/OrderController.php (147)
in /mnt/d/Projects/myshop/data/index.php (19)
2018/07/26 09:00:06 [warning] [application] Failed to set unsafe attribute "to_date" of "Order".
in /mnt/d/Projects/myshop/protected/modules/admin/controllers/OrderController.php (147)
in /mnt/d/Projects/myshop/data/index.php (19)
2018/07/26 09:00:06 [warning] [application] Failed to set unsafe attribute "from_date" of "Order".
in /mnt/d/Projects/myshop/protected/modules/admin/controllers/OrderController.php (147)
in /mnt/d/Projects/myshop/data/index.php (19)
2018/07/26 09:00:06 [warning] [application] Failed to set unsafe attribute "to_date" of "Order".
in /mnt/d/Projects/myshop/protected/modules/admin/controllers/OrderController.php (147)
in /mnt/d/Projects/myshop/data/index.php (19)
2018/07/26 09:00:07 [warning] [application] Failed to set unsafe attribute "from_date" of "Order".
in /mnt/d/Projects/myshop/protected/modules/admin/controllers/OrderController.php (147)
in /mnt/d/Projects/myshop/data/index.php (19)
2018/07/26 09:00:07 [warning] [application] Failed to set unsafe attribute "to_date" of "Order".
in /mnt/d/Projects/myshop/protected/modules/admin/controllers/OrderController.php (147)
in /mnt/d/Projects/myshop/data/index.php (19)
2018/07/26 09:00:07 [warning] [application] Failed to set unsafe attribute "from_date" of "Order".
in /mnt/d/Projects/myshop/protected/modules/admin/controllers/OrderController.php (147)
in /mnt/d/Projects/myshop/data/index.php (19)
2018/07/26 09:00:07 [warning] [application] Failed to set unsafe attribute "to_date" of "Order".
in /mnt/d/Projects/myshop/protected/modules/admin/controllers/OrderController.php (147)
in /mnt/d/Projects/myshop/data/index.php (19)
2018/07/26 09:00:07 [warning] [application] Failed to set unsafe attribute "from_date" of "Order".
in /mnt/d/Projects/myshop/protected/modules/admin/controllers/OrderController.php (147)
in /mnt/d/Projects/myshop/data/index.php (19)
2018/07/26 09:00:07 [warning] [application] Failed to set unsafe attribute "to_date" of "Order".
in /mnt/d/Projects/myshop/protected/modules/admin/controllers/OrderController.php (147)
in /mnt/d/Projects/myshop/data/index.php (19)
2018/07/26 09:00:08 [warning] [application] Failed to set unsafe attribute "from_date" of "Order".
in /mnt/d/Projects/myshop/protected/modules/admin/controllers/OrderController.php (147)
in /mnt/d/Projects/myshop/data/index.php (19)
2018/07/26 09:00:08 [warning] [application] Failed to set unsafe attribute "to_date" of "Order".
in /mnt/d/Projects/myshop/protected/modules/admin/controllers/OrderController.php (147)
in /mnt/d/Projects/myshop/data/index.php (19)
2018/07/26 09:00:08 [warning] [application] Failed to set unsafe attribute "from_date" of "Order".
in /mnt/d/Projects/myshop/protected/modules/admin/controllers/OrderController.php (147)
in /mnt/d/Projects/myshop/data/index.php (19)
2018/07/26 09:00:08 [warning] [application] Failed to set unsafe attribute "to_date" of "Order".
in /mnt/d/Projects/myshop/protected/modules/admin/controllers/OrderController.php (147)
in /mnt/d/Projects/myshop/data/index.php (19)
2018/07/26 09:00:08 [warning] [application] Failed to set unsafe attribute "from_date" of "Order".
in /mnt/d/Projects/myshop/protected/modules/admin/controllers/OrderController.php (147)
in /mnt/d/Projects/myshop/data/index.php (19)
2018/07/26 09:00:08 [warning] [application] Failed to set unsafe attribute "to_date" of "Order".
in /mnt/d/Projects/myshop/protected/modules/admin/controllers/OrderController.php (147)
in /mnt/d/Projects/myshop/data/index.php (19)
2018/07/26 09:00:08 [warning] [application] Failed to set unsafe attribute "from_date" of "Order".
in /mnt/d/Projects/myshop/protected/modules/admin/controllers/OrderController.php (147)
in /mnt/d/Projects/myshop/data/index.php (19)
2018/07/26 09:00:08 [warning] [application] Failed to set unsafe attribute "to_date" of "Order".
in /mnt/d/Projects/myshop/protected/modules/admin/controllers/OrderController.php (147)
in /mnt/d/Projects/myshop/data/index.php (19)
2018/07/26 09:00:08 [warning] [application] Failed to set unsafe attribute "from_date" of "Order".
in /mnt/d/Projects/myshop/protected/modules/admin/controllers/OrderController.php (147)
in /mnt/d/Projects/myshop/data/index.php (19)
2018/07/26 09:00:08 [warning] [application] Failed to set unsafe attribute "to_date" of "Order".
in /mnt/d/Projects/myshop/protected/modules/admin/controllers/OrderController.php (147)
in /mnt/d/Projects/myshop/data/index.php (19)
2018/07/26 09:00:09 [warning] [application] Failed to set unsafe attribute "from_date" of "Order".
in /mnt/d/Projects/myshop/protected/modules/admin/controllers/OrderController.php (147)
in /mnt/d/Projects/myshop/data/index.php (19)
2018/07/26 09:00:09 [warning] [application] Failed to set unsafe attribute "to_date" of "Order".
in /mnt/d/Projects/myshop/protected/modules/admin/controllers/OrderController.php (147)
in /mnt/d/Projects/myshop/data/index.php (19)
2018/07/26 09:00:09 [warning] [application] Failed to set unsafe attribute "from_date" of "Order".
in /mnt/d/Projects/myshop/protected/modules/admin/controllers/OrderController.php (147)
in /mnt/d/Projects/myshop/data/index.php (19)
2018/07/26 09:00:09 [warning] [application] Failed to set unsafe attribute "to_date" of "Order".
in /mnt/d/Projects/myshop/protected/modules/admin/controllers/OrderController.php (147)
in /mnt/d/Projects/myshop/data/index.php (19)
2018/07/26 09:00:09 [warning] [application] Failed to set unsafe attribute "from_date" of "Order".
in /mnt/d/Projects/myshop/protected/modules/admin/controllers/OrderController.php (147)
in /mnt/d/Projects/myshop/data/index.php (19)
2018/07/26 09:00:09 [warning] [application] Failed to set unsafe attribute "to_date" of "Order".
in /mnt/d/Projects/myshop/protected/modules/admin/controllers/OrderController.php (147)
in /mnt/d/Projects/myshop/data/index.php (19)
2018/07/26 09:00:12 [warning] [application] Failed to set unsafe attribute "from_date" of "Order".
in /mnt/d/Projects/myshop/protected/modules/admin/controllers/OrderController.php (147)
in /mnt/d/Projects/myshop/data/index.php (19)
2018/07/26 09:00:12 [warning] [application] Failed to set unsafe attribute "to_date" of "Order".
in /mnt/d/Projects/myshop/protected/modules/admin/controllers/OrderController.php (147)
in /mnt/d/Projects/myshop/data/index.php (19)
2018/07/26 09:00:12 [warning] [application] Failed to set unsafe attribute "from_date" of "Order".
in /mnt/d/Projects/myshop/protected/modules/admin/controllers/OrderController.php (147)
in /mnt/d/Projects/myshop/data/index.php (19)
2018/07/26 09:00:12 [warning] [application] Failed to set unsafe attribute "to_date" of "Order".
in /mnt/d/Projects/myshop/protected/modules/admin/controllers/OrderController.php (147)
in /mnt/d/Projects/myshop/data/index.php (19)
2018/07/26 09:00:12 [warning] [application] Failed to set unsafe attribute "from_date" of "Order".
in /mnt/d/Projects/myshop/protected/modules/admin/controllers/OrderController.php (147)
in /mnt/d/Projects/myshop/data/index.php (19)
2018/07/26 09:00:12 [warning] [application] Failed to set unsafe attribute "to_date" of "Order".
in /mnt/d/Projects/myshop/protected/modules/admin/controllers/OrderController.php (147)
in /mnt/d/Projects/myshop/data/index.php (19)
2018/07/26 09:00:12 [warning] [application] Failed to set unsafe attribute "from_date" of "Order".
in /mnt/d/Projects/myshop/protected/modules/admin/controllers/OrderController.php (147)
in /mnt/d/Projects/myshop/data/index.php (19)
2018/07/26 09:00:12 [warning] [application] Failed to set unsafe attribute "to_date" of "Order".
in /mnt/d/Projects/myshop/protected/modules/admin/controllers/OrderController.php (147)
in /mnt/d/Projects/myshop/data/index.php (19)
2018/07/26 09:00:13 [warning] [application] Failed to set unsafe attribute "from_date" of "Order".
in /mnt/d/Projects/myshop/protected/modules/admin/controllers/OrderController.php (147)
in /mnt/d/Projects/myshop/data/index.php (19)
2018/07/26 09:00:13 [warning] [application] Failed to set unsafe attribute "to_date" of "Order".
in /mnt/d/Projects/myshop/protected/modules/admin/controllers/OrderController.php (147)
in /mnt/d/Projects/myshop/data/index.php (19)
2018/07/26 09:00:13 [warning] [application] Failed to set unsafe attribute "from_date" of "Order".
in /mnt/d/Projects/myshop/protected/modules/admin/controllers/OrderController.php (147)
in /mnt/d/Projects/myshop/data/index.php (19)
2018/07/26 09:00:13 [warning] [application] Failed to set unsafe attribute "to_date" of "Order".
in /mnt/d/Projects/myshop/protected/modules/admin/controllers/OrderController.php (147)
in /mnt/d/Projects/myshop/data/index.php (19)
2018/07/26 09:00:13 [warning] [application] Failed to set unsafe attribute "from_date" of "Order".
in /mnt/d/Projects/myshop/protected/modules/admin/controllers/OrderController.php (147)
in /mnt/d/Projects/myshop/data/index.php (19)
2018/07/26 09:00:13 [warning] [application] Failed to set unsafe attribute "to_date" of "Order".
in /mnt/d/Projects/myshop/protected/modules/admin/controllers/OrderController.php (147)
in /mnt/d/Projects/myshop/data/index.php (19)
2018/07/26 09:00:13 [warning] [application] Failed to set unsafe attribute "from_date" of "Order".
in /mnt/d/Projects/myshop/protected/modules/admin/controllers/OrderController.php (147)
in /mnt/d/Projects/myshop/data/index.php (19)
2018/07/26 09:00:13 [warning] [application] Failed to set unsafe attribute "to_date" of "Order".
in /mnt/d/Projects/myshop/protected/modules/admin/controllers/OrderController.php (147)
in /mnt/d/Projects/myshop/data/index.php (19)
2018/07/26 09:00:53 [warning] [application] Failed to set unsafe attribute "from_date" of "Order".
in /mnt/d/Projects/myshop/protected/modules/admin/controllers/OrderController.php (147)
in /mnt/d/Projects/myshop/data/index.php (19)
2018/07/26 09:00:53 [warning] [application] Failed to set unsafe attribute "to_date" of "Order".
in /mnt/d/Projects/myshop/protected/modules/admin/controllers/OrderController.php (147)
in /mnt/d/Projects/myshop/data/index.php (19)
2018/07/26 09:00:55 [warning] [application] Failed to set unsafe attribute "from_date" of "Order".
in /mnt/d/Projects/myshop/protected/modules/admin/controllers/OrderController.php (147)
in /mnt/d/Projects/myshop/data/index.php (19)
2018/07/26 09:00:55 [warning] [application] Failed to set unsafe attribute "to_date" of "Order".
in /mnt/d/Projects/myshop/protected/modules/admin/controllers/OrderController.php (147)
in /mnt/d/Projects/myshop/data/index.php (19)
2018/07/26 09:00:55 [warning] [application] Failed to set unsafe attribute "from_date" of "Order".
in /mnt/d/Projects/myshop/protected/modules/admin/controllers/OrderController.php (147)
in /mnt/d/Projects/myshop/data/index.php (19)
2018/07/26 09:00:55 [warning] [application] Failed to set unsafe attribute "to_date" of "Order".
in /mnt/d/Projects/myshop/protected/modules/admin/controllers/OrderController.php (147)
in /mnt/d/Projects/myshop/data/index.php (19)
2018/07/26 09:00:55 [warning] [application] Failed to set unsafe attribute "from_date" of "Order".
in /mnt/d/Projects/myshop/protected/modules/admin/controllers/OrderController.php (147)
in /mnt/d/Projects/myshop/data/index.php (19)
2018/07/26 09:00:55 [warning] [application] Failed to set unsafe attribute "to_date" of "Order".
in /mnt/d/Projects/myshop/protected/modules/admin/controllers/OrderController.php (147)
in /mnt/d/Projects/myshop/data/index.php (19)
2018/07/26 09:00:56 [warning] [application] Failed to set unsafe attribute "from_date" of "Order".
in /mnt/d/Projects/myshop/protected/modules/admin/controllers/OrderController.php (147)
in /mnt/d/Projects/myshop/data/index.php (19)
2018/07/26 09:00:56 [warning] [application] Failed to set unsafe attribute "to_date" of "Order".
in /mnt/d/Projects/myshop/protected/modules/admin/controllers/OrderController.php (147)
in /mnt/d/Projects/myshop/data/index.php (19)
2018/07/26 09:01:18 [warning] [application] Failed to set unsafe attribute "from_date" of "Order".
in /mnt/d/Projects/myshop/protected/modules/admin/controllers/OrderController.php (147)
in /mnt/d/Projects/myshop/data/index.php (19)
2018/07/26 09:01:18 [warning] [application] Failed to set unsafe attribute "to_date" of "Order".
in /mnt/d/Projects/myshop/protected/modules/admin/controllers/OrderController.php (147)
in /mnt/d/Projects/myshop/data/index.php (19)
2018/07/26 09:54:03 [warning] [application] Failed to set unsafe attribute "from_date" of "Order".
in /mnt/d/Projects/myshop/protected/modules/admin/controllers/OrderController.php (147)
in /mnt/d/Projects/myshop/data/index.php (19)
2018/07/26 09:54:03 [warning] [application] Failed to set unsafe attribute "to_date" of "Order".
in /mnt/d/Projects/myshop/protected/modules/admin/controllers/OrderController.php (147)
in /mnt/d/Projects/myshop/data/index.php (19)
2018/07/26 09:54:22 [warning] [application] Failed to set unsafe attribute "from_date" of "Order".
in /mnt/d/Projects/myshop/protected/modules/admin/controllers/OrderController.php (147)
in /mnt/d/Projects/myshop/data/index.php (19)
2018/07/26 09:54:22 [warning] [application] Failed to set unsafe attribute "to_date" of "Order".
in /mnt/d/Projects/myshop/protected/modules/admin/controllers/OrderController.php (147)
in /mnt/d/Projects/myshop/data/index.php (19)
2018/07/26 09:54:25 [warning] [application] Failed to set unsafe attribute "from_date" of "Order".
in /mnt/d/Projects/myshop/protected/modules/admin/controllers/OrderController.php (147)
in /mnt/d/Projects/myshop/data/index.php (19)
2018/07/26 09:54:25 [warning] [application] Failed to set unsafe attribute "to_date" of "Order".
in /mnt/d/Projects/myshop/protected/modules/admin/controllers/OrderController.php (147)
in /mnt/d/Projects/myshop/data/index.php (19)
2018/07/26 09:54:29 [warning] [application] Failed to set unsafe attribute "from_date" of "Order".
in /mnt/d/Projects/myshop/protected/modules/admin/controllers/OrderController.php (147)
in /mnt/d/Projects/myshop/data/index.php (19)
2018/07/26 09:54:29 [warning] [application] Failed to set unsafe attribute "to_date" of "Order".
in /mnt/d/Projects/myshop/protected/modules/admin/controllers/OrderController.php (147)
in /mnt/d/Projects/myshop/data/index.php (19)
2018/07/26 09:54:29 [warning] [application] Failed to set unsafe attribute "from_date" of "Order".
in /mnt/d/Projects/myshop/protected/modules/admin/controllers/OrderController.php (147)
in /mnt/d/Projects/myshop/data/index.php (19)
2018/07/26 09:54:29 [warning] [application] Failed to set unsafe attribute "to_date" of "Order".
in /mnt/d/Projects/myshop/protected/modules/admin/controllers/OrderController.php (147)
in /mnt/d/Projects/myshop/data/index.php (19)
2018/07/26 09:54:39 [warning] [application] Failed to set unsafe attribute "from_date" of "Order".
in /mnt/d/Projects/myshop/protected/modules/admin/controllers/OrderController.php (147)
in /mnt/d/Projects/myshop/data/index.php (19)
2018/07/26 09:54:39 [warning] [application] Failed to set unsafe attribute "to_date" of "Order".
in /mnt/d/Projects/myshop/protected/modules/admin/controllers/OrderController.php (147)
in /mnt/d/Projects/myshop/data/index.php (19)
2018/07/26 09:54:40 [warning] [application] Failed to set unsafe attribute "from_date" of "Order".
in /mnt/d/Projects/myshop/protected/modules/admin/controllers/OrderController.php (147)
in /mnt/d/Projects/myshop/data/index.php (19)
2018/07/26 09:54:40 [warning] [application] Failed to set unsafe attribute "to_date" of "Order".
in /mnt/d/Projects/myshop/protected/modules/admin/controllers/OrderController.php (147)
in /mnt/d/Projects/myshop/data/index.php (19)
2018/07/26 09:54:44 [warning] [application] Failed to set unsafe attribute "from_date" of "Order".
in /mnt/d/Projects/myshop/protected/modules/admin/controllers/OrderController.php (147)
in /mnt/d/Projects/myshop/data/index.php (19)
2018/07/26 09:54:44 [warning] [application] Failed to set unsafe attribute "to_date" of "Order".
in /mnt/d/Projects/myshop/protected/modules/admin/controllers/OrderController.php (147)
in /mnt/d/Projects/myshop/data/index.php (19)
2018/07/26 09:54:45 [warning] [application] Failed to set unsafe attribute "from_date" of "Order".
in /mnt/d/Projects/myshop/protected/modules/admin/controllers/OrderController.php (147)
in /mnt/d/Projects/myshop/data/index.php (19)
2018/07/26 09:54:45 [warning] [application] Failed to set unsafe attribute "to_date" of "Order".
in /mnt/d/Projects/myshop/protected/modules/admin/controllers/OrderController.php (147)
in /mnt/d/Projects/myshop/data/index.php (19)
2018/07/26 10:00:52 [warning] [application] Failed to set unsafe attribute "from_date" of "Order".
in /mnt/d/Projects/myshop/protected/modules/admin/controllers/OrderController.php (147)
in /mnt/d/Projects/myshop/data/index.php (19)
2018/07/26 10:00:52 [warning] [application] Failed to set unsafe attribute "to_date" of "Order".
in /mnt/d/Projects/myshop/protected/modules/admin/controllers/OrderController.php (147)
in /mnt/d/Projects/myshop/data/index.php (19)
2018/08/03 09:18:31 [warning] [application] Failed to set unsafe attribute "from_date" of "Order".
in /mnt/d/Projects/myshop/protected/modules/admin/controllers/OrderController.php (147)
in /mnt/d/Projects/myshop/data/index.php (19)
2018/08/03 09:18:31 [warning] [application] Failed to set unsafe attribute "to_date" of "Order".
in /mnt/d/Projects/myshop/protected/modules/admin/controllers/OrderController.php (147)
in /mnt/d/Projects/myshop/data/index.php (19)
2018/08/03 09:18:46 [warning] [application] Failed to set unsafe attribute "from_date" of "Order".
in /mnt/d/Projects/myshop/protected/modules/admin/controllers/OrderController.php (147)
in /mnt/d/Projects/myshop/data/index.php (19)
2018/08/03 09:18:46 [warning] [application] Failed to set unsafe attribute "to_date" of "Order".
in /mnt/d/Projects/myshop/protected/modules/admin/controllers/OrderController.php (147)
in /mnt/d/Projects/myshop/data/index.php (19)
2018/08/03 09:18:53 [warning] [application] Failed to set unsafe attribute "from_date" of "Order".
in /mnt/d/Projects/myshop/protected/modules/admin/controllers/OrderController.php (147)
in /mnt/d/Projects/myshop/data/index.php (19)
2018/08/03 09:18:53 [warning] [application] Failed to set unsafe attribute "to_date" of "Order".
in /mnt/d/Projects/myshop/protected/modules/admin/controllers/OrderController.php (147)
in /mnt/d/Projects/myshop/data/index.php (19)
2018/08/03 09:19:15 [warning] [application] Failed to set unsafe attribute "from_date" of "Order".
in /mnt/d/Projects/myshop/protected/modules/admin/controllers/OrderController.php (147)
in /mnt/d/Projects/myshop/data/index.php (19)
2018/08/03 09:19:15 [warning] [application] Failed to set unsafe attribute "to_date" of "Order".
in /mnt/d/Projects/myshop/protected/modules/admin/controllers/OrderController.php (147)
in /mnt/d/Projects/myshop/data/index.php (19)
2018/08/03 09:19:28 [warning] [application] Failed to set unsafe attribute "from_date" of "Order".
in /mnt/d/Projects/myshop/protected/modules/admin/controllers/OrderController.php (147)
in /mnt/d/Projects/myshop/data/index.php (19)
2018/08/03 09:19:28 [warning] [application] Failed to set unsafe attribute "to_date" of "Order".
in /mnt/d/Projects/myshop/protected/modules/admin/controllers/OrderController.php (147)
in /mnt/d/Projects/myshop/data/index.php (19)
2018/08/03 09:21:34 [warning] [application] Failed to set unsafe attribute "from_date" of "Order".
in /mnt/d/Projects/myshop/protected/modules/admin/controllers/OrderController.php (147)
in /mnt/d/Projects/myshop/data/index.php (19)
2018/08/03 09:21:34 [warning] [application] Failed to set unsafe attribute "to_date" of "Order".
in /mnt/d/Projects/myshop/protected/modules/admin/controllers/OrderController.php (147)
in /mnt/d/Projects/myshop/data/index.php (19)
2018/08/03 09:21:37 [warning] [application] Failed to set unsafe attribute "from_date" of "Order".
in /mnt/d/Projects/myshop/protected/modules/admin/controllers/OrderController.php (147)
in /mnt/d/Projects/myshop/data/index.php (19)
2018/08/03 09:21:37 [warning] [application] Failed to set unsafe attribute "to_date" of "Order".
in /mnt/d/Projects/myshop/protected/modules/admin/controllers/OrderController.php (147)
in /mnt/d/Projects/myshop/data/index.php (19)
2018/08/03 09:21:51 [warning] [application] Failed to set unsafe attribute "from_date" of "Order".
in /mnt/d/Projects/myshop/protected/modules/admin/controllers/OrderController.php (147)
in /mnt/d/Projects/myshop/data/index.php (19)
2018/08/03 09:21:51 [warning] [application] Failed to set unsafe attribute "to_date" of "Order".
in /mnt/d/Projects/myshop/protected/modules/admin/controllers/OrderController.php (147)
in /mnt/d/Projects/myshop/data/index.php (19)
2018/08/03 09:22:29 [warning] [application] Failed to set unsafe attribute "from_date" of "Order".
in /mnt/d/Projects/myshop/protected/modules/admin/controllers/OrderController.php (147)
in /mnt/d/Projects/myshop/data/index.php (19)
2018/08/03 09:22:29 [warning] [application] Failed to set unsafe attribute "to_date" of "Order".
in /mnt/d/Projects/myshop/protected/modules/admin/controllers/OrderController.php (147)
in /mnt/d/Projects/myshop/data/index.php (19)
2018/08/03 09:22:49 [warning] [application] Failed to set unsafe attribute "from_date" of "Order".
in /mnt/d/Projects/myshop/protected/modules/admin/controllers/OrderController.php (147)
in /mnt/d/Projects/myshop/data/index.php (19)
2018/08/03 09:22:49 [warning] [application] Failed to set unsafe attribute "to_date" of "Order".
in /mnt/d/Projects/myshop/protected/modules/admin/controllers/OrderController.php (147)
in /mnt/d/Projects/myshop/data/index.php (19)
2018/08/03 09:23:14 [warning] [application] Failed to set unsafe attribute "from_date" of "Order".
in /mnt/d/Projects/myshop/protected/modules/admin/controllers/OrderController.php (147)
in /mnt/d/Projects/myshop/data/index.php (19)
2018/08/03 09:23:14 [warning] [application] Failed to set unsafe attribute "to_date" of "Order".
in /mnt/d/Projects/myshop/protected/modules/admin/controllers/OrderController.php (147)
in /mnt/d/Projects/myshop/data/index.php (19)
2018/08/03 09:23:29 [warning] [application] Failed to set unsafe attribute "from_date" of "Order".
in /mnt/d/Projects/myshop/protected/modules/admin/controllers/OrderController.php (147)
in /mnt/d/Projects/myshop/data/index.php (19)
2018/08/03 09:23:29 [warning] [application] Failed to set unsafe attribute "to_date" of "Order".
in /mnt/d/Projects/myshop/protected/modules/admin/controllers/OrderController.php (147)
in /mnt/d/Projects/myshop/data/index.php (19)
2018/08/03 09:23:34 [warning] [application] Failed to set unsafe attribute "from_date" of "Order".
in /mnt/d/Projects/myshop/protected/modules/admin/controllers/OrderController.php (147)
in /mnt/d/Projects/myshop/data/index.php (19)
2018/08/03 09:23:34 [warning] [application] Failed to set unsafe attribute "to_date" of "Order".
in /mnt/d/Projects/myshop/protected/modules/admin/controllers/OrderController.php (147)
in /mnt/d/Projects/myshop/data/index.php (19)
2018/08/03 09:23:48 [warning] [application] Failed to set unsafe attribute "from_date" of "Order".
in /mnt/d/Projects/myshop/protected/modules/admin/controllers/OrderController.php (147)
in /mnt/d/Projects/myshop/data/index.php (19)
2018/08/03 09:23:48 [warning] [application] Failed to set unsafe attribute "to_date" of "Order".
in /mnt/d/Projects/myshop/protected/modules/admin/controllers/OrderController.php (147)
in /mnt/d/Projects/myshop/data/index.php (19)
2018/08/03 09:24:35 [warning] [application] Failed to set unsafe attribute "from_date" of "Order".
in /mnt/d/Projects/myshop/protected/modules/admin/controllers/OrderController.php (147)
in /mnt/d/Projects/myshop/data/index.php (19)
2018/08/03 09:24:35 [warning] [application] Failed to set unsafe attribute "to_date" of "Order".
in /mnt/d/Projects/myshop/protected/modules/admin/controllers/OrderController.php (147)
in /mnt/d/Projects/myshop/data/index.php (19)
2018/08/03 09:24:39 [warning] [application] Failed to set unsafe attribute "from_date" of "Order".
in /mnt/d/Projects/myshop/protected/modules/admin/controllers/OrderController.php (147)
in /mnt/d/Projects/myshop/data/index.php (19)
2018/08/03 09:24:39 [warning] [application] Failed to set unsafe attribute "to_date" of "Order".
in /mnt/d/Projects/myshop/protected/modules/admin/controllers/OrderController.php (147)
in /mnt/d/Projects/myshop/data/index.php (19)
2018/08/03 09:27:28 [warning] [application] Failed to set unsafe attribute "from_date" of "Order".
in /mnt/d/Projects/myshop/protected/modules/admin/controllers/OrderController.php (147)
in /mnt/d/Projects/myshop/data/index.php (19)
2018/08/03 09:27:28 [warning] [application] Failed to set unsafe attribute "to_date" of "Order".
in /mnt/d/Projects/myshop/protected/modules/admin/controllers/OrderController.php (147)
in /mnt/d/Projects/myshop/data/index.php (19)
2018/08/03 09:28:26 [warning] [application] Failed to set unsafe attribute "from_date" of "Order".
in /mnt/d/Projects/myshop/protected/modules/admin/controllers/OrderController.php (147)
in /mnt/d/Projects/myshop/data/index.php (19)
2018/08/03 09:28:26 [warning] [application] Failed to set unsafe attribute "to_date" of "Order".
in /mnt/d/Projects/myshop/protected/modules/admin/controllers/OrderController.php (147)
in /mnt/d/Projects/myshop/data/index.php (19)
2018/08/03 09:29:19 [warning] [application] Failed to set unsafe attribute "from_date" of "Order".
in /mnt/d/Projects/myshop/protected/modules/admin/controllers/OrderController.php (147)
in /mnt/d/Projects/myshop/data/index.php (19)
2018/08/03 09:29:19 [warning] [application] Failed to set unsafe attribute "to_date" of "Order".
in /mnt/d/Projects/myshop/protected/modules/admin/controllers/OrderController.php (147)
in /mnt/d/Projects/myshop/data/index.php (19)
2018/08/03 09:29:38 [warning] [application] Failed to set unsafe attribute "from_date" of "Order".
in /mnt/d/Projects/myshop/protected/modules/admin/controllers/OrderController.php (147)
in /mnt/d/Projects/myshop/data/index.php (19)
2018/08/03 09:29:38 [warning] [application] Failed to set unsafe attribute "to_date" of "Order".
in /mnt/d/Projects/myshop/protected/modules/admin/controllers/OrderController.php (147)
in /mnt/d/Projects/myshop/data/index.php (19)
2018/08/03 09:29:50 [warning] [application] Failed to set unsafe attribute "from_date" of "Order".
in /mnt/d/Projects/myshop/protected/modules/admin/controllers/OrderController.php (147)
in /mnt/d/Projects/myshop/data/index.php (19)
2018/08/03 09:29:50 [warning] [application] Failed to set unsafe attribute "to_date" of "Order".
in /mnt/d/Projects/myshop/protected/modules/admin/controllers/OrderController.php (147)
in /mnt/d/Projects/myshop/data/index.php (19)
2018/08/03 09:32:59 [warning] [application] Failed to set unsafe attribute "from_date" of "Order".
in /mnt/d/Projects/myshop/protected/modules/admin/controllers/OrderController.php (147)
in /mnt/d/Projects/myshop/data/index.php (19)
2018/08/03 09:32:59 [warning] [application] Failed to set unsafe attribute "to_date" of "Order".
in /mnt/d/Projects/myshop/protected/modules/admin/controllers/OrderController.php (147)
in /mnt/d/Projects/myshop/data/index.php (19)
2018/08/03 09:33:04 [warning] [application] Failed to set unsafe attribute "from_date" of "Order".
in /mnt/d/Projects/myshop/protected/modules/admin/controllers/OrderController.php (147)
in /mnt/d/Projects/myshop/data/index.php (19)
2018/08/03 09:33:04 [warning] [application] Failed to set unsafe attribute "to_date" of "Order".
in /mnt/d/Projects/myshop/protected/modules/admin/controllers/OrderController.php (147)
in /mnt/d/Projects/myshop/data/index.php (19)
2018/08/03 09:33:44 [error] [php] Object of class CDbCriteria could not be converted to string (/mnt/d/Projects/myshop/protected/models/base/OrderBase.php:130)
Stack trace:
#0 /mnt/d/Projects/myshop/yii/framework/web/CBaseController.php(126): require()
#1 /mnt/d/Projects/myshop/yii/framework/web/CBaseController.php(95): OrderController->renderInternal()
#2 /mnt/d/Projects/myshop/yii/framework/web/CController.php(872): OrderController->renderFile()
#3 /mnt/d/Projects/myshop/yii/framework/web/CController.php(785): OrderController->renderPartial()
#4 /mnt/d/Projects/myshop/protected/modules/admin/controllers/OrderController.php(151): OrderController->render()
#5 /mnt/d/Projects/myshop/yii/framework/web/actions/CInlineAction.php(49): OrderController->actionAdmin()
#6 /mnt/d/Projects/myshop/yii/framework/web/CController.php(308): CInlineAction->runWithParams()
#7 /mnt/d/Projects/myshop/yii/framework/web/filters/CFilterChain.php(134): OrderController->runAction()
#8 /mnt/d/Projects/myshop/yii/framework/web/filters/CFilter.php(40): CFilterChain->run()
#9 /mnt/d/Projects/myshop/yii/framework/web/CController.php(1148): CAccessControlFilter->filter()
#10 /mnt/d/Projects/myshop/yii/framework/web/filters/CInlineFilter.php(58): OrderController->filterAccessControl()
#11 /mnt/d/Projects/myshop/yii/framework/web/filters/CFilterChain.php(131): CInlineFilter->filter()
#12 /mnt/d/Projects/myshop/yii/framework/web/CController.php(291): CFilterChain->run()
#13 /mnt/d/Projects/myshop/yii/framework/web/CController.php(265): OrderController->runActionWithFilters()
#14 /mnt/d/Projects/myshop/yii/framework/web/CWebApplication.php(282): OrderController->run()
#15 /mnt/d/Projects/myshop/yii/framework/web/CWebApplication.php(141): CWebApplication->runController()
#16 /mnt/d/Projects/myshop/yii/framework/base/CApplication.php(185): CWebApplication->processRequest()
#17 /mnt/d/Projects/myshop/data/index.php(19): CWebApplication->run()
REQUEST_URI=/myshop/data/admin/order/admin
in /mnt/d/Projects/myshop/protected/models/base/OrderBase.php (130)
in /mnt/d/Projects/myshop/protected/modules/admin/views/order/admin.php (61)
in /mnt/d/Projects/myshop/protected/modules/admin/controllers/OrderController.php (151)
2018/08/03 09:34:08 [warning] [application] Failed to set unsafe attribute "from_date" of "Order".
in /mnt/d/Projects/myshop/protected/modules/admin/controllers/OrderController.php (147)
in /mnt/d/Projects/myshop/data/index.php (19)
2018/08/03 09:34:08 [warning] [application] Failed to set unsafe attribute "to_date" of "Order".
in /mnt/d/Projects/myshop/protected/modules/admin/controllers/OrderController.php (147)
in /mnt/d/Projects/myshop/data/index.php (19)
2018/08/03 09:34:29 [warning] [application] Failed to set unsafe attribute "from_date" of "Order".
in /mnt/d/Projects/myshop/protected/modules/admin/controllers/OrderController.php (147)
in /mnt/d/Projects/myshop/data/index.php (19)
2018/08/03 09:34:29 [warning] [application] Failed to set unsafe attribute "to_date" of "Order".
in /mnt/d/Projects/myshop/protected/modules/admin/controllers/OrderController.php (147)
in /mnt/d/Projects/myshop/data/index.php (19)
2018/08/03 09:34:33 [warning] [application] Failed to set unsafe attribute "from_date" of "Order".
in /mnt/d/Projects/myshop/protected/modules/admin/controllers/OrderController.php (147)
in /mnt/d/Projects/myshop/data/index.php (19)
2018/08/03 09:34:33 [warning] [application] Failed to set unsafe attribute "to_date" of "Order".
in /mnt/d/Projects/myshop/protected/modules/admin/controllers/OrderController.php (147)
in /mnt/d/Projects/myshop/data/index.php (19)
2018/08/03 09:36:37 [warning] [application] Failed to set unsafe attribute "from_date" of "Order".
in /mnt/d/Projects/myshop/protected/modules/admin/controllers/OrderController.php (147)
in /mnt/d/Projects/myshop/data/index.php (19)
2018/08/03 09:36:37 [warning] [application] Failed to set unsafe attribute "to_date" of "Order".
in /mnt/d/Projects/myshop/protected/modules/admin/controllers/OrderController.php (147)
in /mnt/d/Projects/myshop/data/index.php (19)
2018/08/03 09:41:03 [warning] [application] Failed to set unsafe attribute "from_date" of "Order".
in /mnt/d/Projects/myshop/protected/modules/admin/controllers/OrderController.php (147)
in /mnt/d/Projects/myshop/data/index.php (19)
2018/08/03 09:41:03 [warning] [application] Failed to set unsafe attribute "to_date" of "Order".
in /mnt/d/Projects/myshop/protected/modules/admin/controllers/OrderController.php (147)
in /mnt/d/Projects/myshop/data/index.php (19)
2018/08/03 09:41:07 [warning] [application] Failed to set unsafe attribute "from_date" of "Order".
in /mnt/d/Projects/myshop/protected/modules/admin/controllers/OrderController.php (147)
in /mnt/d/Projects/myshop/data/index.php (19)
2018/08/03 09:41:07 [warning] [application] Failed to set unsafe attribute "to_date" of "Order".
in /mnt/d/Projects/myshop/protected/modules/admin/controllers/OrderController.php (147)
in /mnt/d/Projects/myshop/data/index.php (19)
2018/08/03 09:41:42 [warning] [application] Failed to set unsafe attribute "from_date" of "Order".
in /mnt/d/Projects/myshop/protected/modules/admin/controllers/OrderController.php (147)
in /mnt/d/Projects/myshop/data/index.php (19)
2018/08/03 09:41:42 [warning] [application] Failed to set unsafe attribute "to_date" of "Order".
in /mnt/d/Projects/myshop/protected/modules/admin/controllers/OrderController.php (147)
in /mnt/d/Projects/myshop/data/index.php (19)
2018/08/03 09:41:48 [warning] [application] Failed to set unsafe attribute "from_date" of "Order".
in /mnt/d/Projects/myshop/protected/modules/admin/controllers/OrderController.php (147)
in /mnt/d/Projects/myshop/data/index.php (19)
2018/08/03 09:41:48 [warning] [application] Failed to set unsafe attribute "to_date" of "Order".
in /mnt/d/Projects/myshop/protected/modules/admin/controllers/OrderController.php (147)
in /mnt/d/Projects/myshop/data/index.php (19)
2018/08/03 09:41:50 [warning] [application] Failed to set unsafe attribute "from_date" of "Order".
in /mnt/d/Projects/myshop/protected/modules/admin/controllers/OrderController.php (147)
in /mnt/d/Projects/myshop/data/index.php (19)
2018/08/03 09:41:50 [warning] [application] Failed to set unsafe attribute "to_date" of "Order".
in /mnt/d/Projects/myshop/protected/modules/admin/controllers/OrderController.php (147)
in /mnt/d/Projects/myshop/data/index.php (19)
2018/08/03 09:42:04 [warning] [application] Failed to set unsafe attribute "from_date" of "Order".
in /mnt/d/Projects/myshop/protected/modules/admin/controllers/OrderController.php (147)
in /mnt/d/Projects/myshop/data/index.php (19)
2018/08/03 09:42:04 [warning] [application] Failed to set unsafe attribute "to_date" of "Order".
in /mnt/d/Projects/myshop/protected/modules/admin/controllers/OrderController.php (147)
in /mnt/d/Projects/myshop/data/index.php (19)
2018/08/03 09:42:32 [warning] [application] Failed to set unsafe attribute "from_date" of "Order".
in /mnt/d/Projects/myshop/protected/modules/admin/controllers/OrderController.php (147)
in /mnt/d/Projects/myshop/data/index.php (19)
2018/08/03 09:42:32 [warning] [application] Failed to set unsafe attribute "to_date" of "Order".
in /mnt/d/Projects/myshop/protected/modules/admin/controllers/OrderController.php (147)
in /mnt/d/Projects/myshop/data/index.php (19)
2018/08/03 09:43:01 [warning] [application] Failed to set unsafe attribute "from_date" of "Order".
in /mnt/d/Projects/myshop/protected/modules/admin/controllers/OrderController.php (147)
in /mnt/d/Projects/myshop/data/index.php (19)
2018/08/03 09:43:01 [warning] [application] Failed to set unsafe attribute "to_date" of "Order".
in /mnt/d/Projects/myshop/protected/modules/admin/controllers/OrderController.php (147)
in /mnt/d/Projects/myshop/data/index.php (19)
2018/08/03 09:44:32 [warning] [application] Failed to set unsafe attribute "from_date" of "Order".
in /mnt/d/Projects/myshop/protected/modules/admin/controllers/OrderController.php (147)
in /mnt/d/Projects/myshop/data/index.php (19)
2018/08/03 09:44:32 [warning] [application] Failed to set unsafe attribute "to_date" of "Order".
in /mnt/d/Projects/myshop/protected/modules/admin/controllers/OrderController.php (147)
in /mnt/d/Projects/myshop/data/index.php (19)
2018/08/03 09:44:37 [warning] [application] Failed to set unsafe attribute "from_date" of "Order".
in /mnt/d/Projects/myshop/protected/modules/admin/controllers/OrderController.php (147)
in /mnt/d/Projects/myshop/data/index.php (19)
2018/08/03 09:44:37 [warning] [application] Failed to set unsafe attribute "to_date" of "Order".
in /mnt/d/Projects/myshop/protected/modules/admin/controllers/OrderController.php (147)
in /mnt/d/Projects/myshop/data/index.php (19)
2018/08/03 09:45:10 [warning] [application] Failed to set unsafe attribute "from_date" of "Order".
in /mnt/d/Projects/myshop/protected/modules/admin/controllers/OrderController.php (147)
in /mnt/d/Projects/myshop/data/index.php (19)
2018/08/03 09:45:10 [warning] [application] Failed to set unsafe attribute "to_date" of "Order".
in /mnt/d/Projects/myshop/protected/modules/admin/controllers/OrderController.php (147)
in /mnt/d/Projects/myshop/data/index.php (19)
2018/08/03 10:04:54 [warning] [application] Failed to set unsafe attribute "from_date" of "Order".
in /mnt/d/Projects/myshop/protected/modules/admin/controllers/OrderController.php (147)
in /mnt/d/Projects/myshop/data/index.php (19)
2018/08/03 10:04:54 [warning] [application] Failed to set unsafe attribute "to_date" of "Order".
in /mnt/d/Projects/myshop/protected/modules/admin/controllers/OrderController.php (147)
in /mnt/d/Projects/myshop/data/index.php (19)
2018/08/03 10:05:00 [warning] [application] Failed to set unsafe attribute "from_date" of "Order".
in /mnt/d/Projects/myshop/protected/modules/admin/controllers/OrderController.php (147)
in /mnt/d/Projects/myshop/data/index.php (19)
2018/08/03 10:05:00 [warning] [application] Failed to set unsafe attribute "to_date" of "Order".
in /mnt/d/Projects/myshop/protected/modules/admin/controllers/OrderController.php (147)
in /mnt/d/Projects/myshop/data/index.php (19)
2018/08/03 10:05:09 [warning] [application] Failed to set unsafe attribute "from_date" of "Order".
in /mnt/d/Projects/myshop/protected/modules/admin/controllers/OrderController.php (147)
in /mnt/d/Projects/myshop/data/index.php (19)
2018/08/03 10:05:09 [warning] [application] Failed to set unsafe attribute "to_date" of "Order".
in /mnt/d/Projects/myshop/protected/modules/admin/controllers/OrderController.php (147)
in /mnt/d/Projects/myshop/data/index.php (19)
2018/08/03 10:05:23 [warning] [application] Failed to set unsafe attribute "from_date" of "Order".
in /mnt/d/Projects/myshop/protected/modules/admin/controllers/OrderController.php (147)
in /mnt/d/Projects/myshop/data/index.php (19)
2018/08/03 10:05:23 [warning] [application] Failed to set unsafe attribute "to_date" of "Order".
in /mnt/d/Projects/myshop/protected/modules/admin/controllers/OrderController.php (147)
in /mnt/d/Projects/myshop/data/index.php (19)
2018/08/03 10:07:17 [warning] [application] Failed to set unsafe attribute "from_date" of "Order".
in /mnt/d/Projects/myshop/protected/modules/admin/controllers/OrderController.php (147)
in /mnt/d/Projects/myshop/data/index.php (19)
2018/08/03 10:07:17 [warning] [application] Failed to set unsafe attribute "to_date" of "Order".
in /mnt/d/Projects/myshop/protected/modules/admin/controllers/OrderController.php (147)
in /mnt/d/Projects/myshop/data/index.php (19)
2018/08/03 10:07:45 [warning] [application] Failed to set unsafe attribute "from_date" of "Order".
in /mnt/d/Projects/myshop/protected/modules/admin/controllers/OrderController.php (147)
in /mnt/d/Projects/myshop/data/index.php (19)
2018/08/03 10:07:45 [warning] [application] Failed to set unsafe attribute "to_date" of "Order".
in /mnt/d/Projects/myshop/protected/modules/admin/controllers/OrderController.php (147)
in /mnt/d/Projects/myshop/data/index.php (19)
2018/08/03 10:13:56 [warning] [application] Failed to set unsafe attribute "from_date" of "Order".
in /mnt/d/Projects/myshop/protected/modules/admin/controllers/OrderController.php (147)
in /mnt/d/Projects/myshop/data/index.php (19)
2018/08/03 10:13:56 [warning] [application] Failed to set unsafe attribute "to_date" of "Order".
in /mnt/d/Projects/myshop/protected/modules/admin/controllers/OrderController.php (147)
in /mnt/d/Projects/myshop/data/index.php (19)
2018/08/03 10:14:05 [warning] [application] Failed to set unsafe attribute "from_date" of "Order".
in /mnt/d/Projects/myshop/protected/modules/admin/controllers/OrderController.php (147)
in /mnt/d/Projects/myshop/data/index.php (19)
2018/08/03 10:14:05 [warning] [application] Failed to set unsafe attribute "to_date" of "Order".
in /mnt/d/Projects/myshop/protected/modules/admin/controllers/OrderController.php (147)
in /mnt/d/Projects/myshop/data/index.php (19)
2018/08/03 10:14:27 [warning] [application] Failed to set unsafe attribute "from_date" of "Order".
in /mnt/d/Projects/myshop/protected/modules/admin/controllers/OrderController.php (147)
in /mnt/d/Projects/myshop/data/index.php (19)
2018/08/03 10:14:27 [warning] [application] Failed to set unsafe attribute "to_date" of "Order".
in /mnt/d/Projects/myshop/protected/modules/admin/controllers/OrderController.php (147)
in /mnt/d/Projects/myshop/data/index.php (19)
2018/08/03 10:15:23 [warning] [application] Failed to set unsafe attribute "from_date" of "Order".
in /mnt/d/Projects/myshop/protected/modules/admin/controllers/OrderController.php (148)
in /mnt/d/Projects/myshop/data/index.php (19)
2018/08/03 10:15:23 [warning] [application] Failed to set unsafe attribute "to_date" of "Order".
in /mnt/d/Projects/myshop/protected/modules/admin/controllers/OrderController.php (148)
in /mnt/d/Projects/myshop/data/index.php (19)
2018/08/03 10:15:55 [warning] [application] Failed to set unsafe attribute "from_date" of "Order".
in /mnt/d/Projects/myshop/protected/modules/admin/controllers/OrderController.php (148)
in /mnt/d/Projects/myshop/data/index.php (19)
2018/08/03 10:15:55 [warning] [application] Failed to set unsafe attribute "to_date" of "Order".
in /mnt/d/Projects/myshop/protected/modules/admin/controllers/OrderController.php (148)
in /mnt/d/Projects/myshop/data/index.php (19)
2018/08/03 10:16:58 [warning] [application] Failed to set unsafe attribute "from_date" of "Order".
in /mnt/d/Projects/myshop/protected/modules/admin/controllers/OrderController.php (148)
in /mnt/d/Projects/myshop/data/index.php (19)
2018/08/03 10:16:58 [warning] [application] Failed to set unsafe attribute "to_date" of "Order".
in /mnt/d/Projects/myshop/protected/modules/admin/controllers/OrderController.php (148)
in /mnt/d/Projects/myshop/data/index.php (19)
2018/08/03 10:17:00 [warning] [application] Failed to set unsafe attribute "from_date" of "Order".
in /mnt/d/Projects/myshop/protected/modules/admin/controllers/OrderController.php (148)
in /mnt/d/Projects/myshop/data/index.php (19)
2018/08/03 10:17:00 [warning] [application] Failed to set unsafe attribute "to_date" of "Order".
in /mnt/d/Projects/myshop/protected/modules/admin/controllers/OrderController.php (148)
in /mnt/d/Projects/myshop/data/index.php (19)
2018/08/03 10:25:26 [warning] [application] Failed to set unsafe attribute "from_date" of "Order".
in /mnt/d/Projects/myshop/protected/modules/admin/controllers/OrderController.php (147)
in /mnt/d/Projects/myshop/data/index.php (19)
2018/08/03 10:25:26 [warning] [application] Failed to set unsafe attribute "to_date" of "Order".
in /mnt/d/Projects/myshop/protected/modules/admin/controllers/OrderController.php (147)
in /mnt/d/Projects/myshop/data/index.php (19)
2018/08/03 10:26:27 [warning] [application] Failed to set unsafe attribute "from_date" of "Order".
in /mnt/d/Projects/myshop/protected/modules/admin/controllers/OrderController.php (147)
in /mnt/d/Projects/myshop/data/index.php (19)
2018/08/03 10:26:27 [warning] [application] Failed to set unsafe attribute "to_date" of "Order".
in /mnt/d/Projects/myshop/protected/modules/admin/controllers/OrderController.php (147)
in /mnt/d/Projects/myshop/data/index.php (19)
2018/08/03 10:26:32 [warning] [application] Failed to set unsafe attribute "from_date" of "Order".
in /mnt/d/Projects/myshop/protected/modules/admin/controllers/OrderController.php (147)
in /mnt/d/Projects/myshop/data/index.php (19)
2018/08/03 10:26:32 [warning] [application] Failed to set unsafe attribute "to_date" of "Order".
in /mnt/d/Projects/myshop/protected/modules/admin/controllers/OrderController.php (147)
in /mnt/d/Projects/myshop/data/index.php (19)
2018/08/03 10:27:16 [warning] [application] Failed to set unsafe attribute "from_date" of "Order".
in /mnt/d/Projects/myshop/protected/modules/admin/controllers/OrderController.php (147)
in /mnt/d/Projects/myshop/data/index.php (19)
2018/08/03 10:27:16 [warning] [application] Failed to set unsafe attribute "to_date" of "Order".
in /mnt/d/Projects/myshop/protected/modules/admin/controllers/OrderController.php (147)
in /mnt/d/Projects/myshop/data/index.php (19)
2018/08/03 10:28:29 [warning] [application] Failed to set unsafe attribute "from_date" of "Order".
in /mnt/d/Projects/myshop/protected/modules/admin/controllers/OrderController.php (147)
in /mnt/d/Projects/myshop/data/index.php (19)
2018/08/03 10:28:29 [warning] [application] Failed to set unsafe attribute "to_date" of "Order".
in /mnt/d/Projects/myshop/protected/modules/admin/controllers/OrderController.php (147)
in /mnt/d/Projects/myshop/data/index.php (19)
2018/08/03 10:28:43 [warning] [application] Failed to set unsafe attribute "from_date" of "Order".
in /mnt/d/Projects/myshop/protected/modules/admin/controllers/OrderController.php (147)
in /mnt/d/Projects/myshop/data/index.php (19)
2018/08/03 10:28:43 [warning] [application] Failed to set unsafe attribute "to_date" of "Order".
in /mnt/d/Projects/myshop/protected/modules/admin/controllers/OrderController.php (147)
in /mnt/d/Projects/myshop/data/index.php (19)
2018/08/28 10:24:11 [warning] [application] Failed to set unsafe attribute "from_date" of "Order".
in /mnt/d/Projects/myshop/protected/modules/admin/controllers/OrderController.php (147)
in /mnt/d/Projects/myshop/data/index.php (19)
2018/08/28 10:24:11 [warning] [application] Failed to set unsafe attribute "to_date" of "Order".
in /mnt/d/Projects/myshop/protected/modules/admin/controllers/OrderController.php (147)
in /mnt/d/Projects/myshop/data/index.php (19)
2018/08/28 10:24:14 [warning] [application] Failed to set unsafe attribute "from_date" of "Order".
in /mnt/d/Projects/myshop/protected/modules/admin/controllers/OrderController.php (147)
in /mnt/d/Projects/myshop/data/index.php (19)
2018/08/28 10:24:14 [warning] [application] Failed to set unsafe attribute "to_date" of "Order".
in /mnt/d/Projects/myshop/protected/modules/admin/controllers/OrderController.php (147)
in /mnt/d/Projects/myshop/data/index.php (19)
2018/08/28 14:29:10 [error] [exception.CHttpException.400] exception 'CHttpException' with message 'Your request is invalid.' in /mnt/d/Projects/myshop/yii/framework/web/CController.php:337
Stack trace:
#0 /mnt/d/Projects/myshop/yii/framework/web/CController.php(309): CController->invalidActionParams(Object(CInlineAction))
#1 /mnt/d/Projects/myshop/yii/framework/web/CController.php(286): CController->runAction(Object(CInlineAction))
#2 /mnt/d/Projects/myshop/yii/framework/web/CController.php(265): CController->runActionWithFilters(Object(CInlineAction), Array)
#3 /mnt/d/Projects/myshop/yii/framework/web/CWebApplication.php(282): CController->run('detail')
#4 /mnt/d/Projects/myshop/yii/framework/web/CWebApplication.php(141): CWebApplication->runController('product/detail')
#5 /mnt/d/Projects/myshop/yii/framework/base/CApplication.php(185): CWebApplication->processRequest()
#6 /mnt/d/Projects/myshop/data/index.php(19): CApplication->run()
#7 {main}
REQUEST_URI=/myshop/data/product/detail
HTTP_REFERER=http://192.168.1.106/myshop/data/product/detail/8
---
in /mnt/d/Projects/myshop/protected/components/ExceptionHandler.php (29)
2018/08/31 16:45:49 [warning] [application] Failed to set unsafe attribute "from_date" of "Order".
in /mnt/d/Projects/myshop/protected/modules/admin/controllers/OrderController.php (147)
in /mnt/d/Projects/myshop/data/index.php (19)
2018/08/31 16:45:49 [warning] [application] Failed to set unsafe attribute "to_date" of "Order".
in /mnt/d/Projects/myshop/protected/modules/admin/controllers/OrderController.php (147)
in /mnt/d/Projects/myshop/data/index.php (19)
